2019-12-31 14:33:34 TRACE MySuperLogger:22 - Send trace message to log
2019-12-31 14:33:34 DEBUG MySuperLogger:23 - Send debug message to log
2019-12-31 14:33:34 INFO  MySuperLogger:24 - Send info message to log
2019-12-31 14:33:34 WARN  MySuperLogger:25 - Send warn message to log
2019-12-31 14:33:34 ERROR MySuperLogger:26 - Send error message to log
2019-12-31 14:33:34 FATAL MySuperLogger:27 - Send fatal message to log
2019-12-31 15:44:50 TRACE MySuperLogger:22 - Send trace message to log
2019-12-31 15:44:50 DEBUG MySuperLogger:23 - Send debug message to log
2019-12-31 15:44:50 INFO  MySuperLogger:24 - Send info message to log
2019-12-31 15:44:50 WARN  MySuperLogger:25 - Send warn message to log
2019-12-31 15:44:50 ERROR MySuperLogger:26 - Send error message to log
2019-12-31 15:44:50 FATAL MySuperLogger:27 - Send fatal message to log
2019-12-31 15:56:51 TRACE MySuperLogger:22 - Send trace message to log
2019-12-31 15:56:51 DEBUG MySuperLogger:23 - Send debug message to log
2019-12-31 15:56:51 INFO  MySuperLogger:24 - Send info message to log
2019-12-31 15:56:51 WARN  MySuperLogger:25 - Send warn message to log
2019-12-31 15:56:51 ERROR MySuperLogger:26 - Send error message to log
2019-12-31 15:56:51 FATAL MySuperLogger:27 - Send fatal message to log
2019-12-31 15:57:34 TRACE MySuperLogger:22 - Send trace message to log
2019-12-31 15:57:34 DEBUG MySuperLogger:23 - Send debug message to log
2019-12-31 15:57:34 INFO  MySuperLogger:24 - Send info message to log
2019-12-31 15:57:34 WARN  MySuperLogger:25 - Send warn message to log
2019-12-31 15:57:34 ERROR MySuperLogger:26 - Send error message to log
2019-12-31 15:57:34 FATAL MySuperLogger:27 - Send fatal message to log
2019-12-31 15:57:51 TRACE MySuperLogger:22 - Send trace message to log
2019-12-31 15:57:51 DEBUG MySuperLogger:23 - Send debug message to log
2019-12-31 15:57:51 INFO  MySuperLogger:24 - Send info message to log
2019-12-31 15:57:51 WARN  MySuperLogger:25 - Send warn message to log
2019-12-31 15:57:51 ERROR MySuperLogger:26 - Send error message to log
2019-12-31 15:57:51 FATAL MySuperLogger:27 - Send fatal message to log
2019-12-31 16:24:33 TRACE MySuperLogger:21 - Send trace message to log
2019-12-31 16:24:33 DEBUG MySuperLogger:22 - Send debug message to log
2019-12-31 16:24:33 INFO  MySuperLogger:23 - Send info message to log
2019-12-31 16:24:33 WARN  MySuperLogger:24 - Send warn message to log
2019-12-31 16:24:33 ERROR MySuperLogger:25 - Send error message to log
2019-12-31 16:24:33 FATAL MySuperLogger:26 - Send fatal message to log
2019-12-31 16:24:44 TRACE MySuperLogger:21 - Send trace message to log
2019-12-31 16:24:44 DEBUG MySuperLogger:22 - Send debug message to log
2019-12-31 16:24:44 INFO  MySuperLogger:23 - Send info message to log
2019-12-31 16:24:44 WARN  MySuperLogger:24 - Send warn message to log
2019-12-31 16:24:44 ERROR MySuperLogger:25 - Send error message to log
2019-12-31 16:24:44 FATAL MySuperLogger:26 - Send fatal message to log
2019-12-31 16:25:13 TRACE MySuperLogger:21 - Send trace message to log
2019-12-31 16:25:13 DEBUG MySuperLogger:22 - Send debug message to log
2019-12-31 16:25:13 INFO  MySuperLogger:23 - Send info message to log
2019-12-31 16:25:13 WARN  MySuperLogger:24 - Send warn message to log
2019-12-31 16:25:13 ERROR MySuperLogger:25 - Send error message to log
2019-12-31 16:25:13 FATAL MySuperLogger:26 - Send fatal message to log
2019-12-31 16:25:31 TRACE MySuperLogger:21 - Send trace message to log
2019-12-31 16:25:31 DEBUG MySuperLogger:22 - Send debug message to log
2019-12-31 16:25:31 INFO  MySuperLogger:23 - Send info message to log
2019-12-31 16:25:31 WARN  MySuperLogger:24 - Send warn message to log
2019-12-31 16:25:31 ERROR MySuperLogger:25 - Send error message to log
2019-12-31 16:25:31 FATAL MySuperLogger:26 - Send fatal message to log
